This file contains any messages produced by compilers while
running configure, to aid debugging if configure makes a mistake.

It was created by libzip configure 0.11.1, which was
generated by GNU Autoconf 2.69.  Invocation command line was

  $ ./configure 

## --------- ##
## Platform. ##
## --------- ##

hostname = lubos-TravelMate-P253
uname -m = i686
uname -r = 3.11.0-2-generic
uname -s = Linux
uname -v = #5-Ubuntu SMP Mon Aug 12 16:12:32 UTC 2013

/usr/bin/uname -p = unknown
/bin/uname -X     = unknown

/bin/arch              = unknown
/usr/bin/arch -k       = unknown
/usr/convex/getsysinfo = unknown
/usr/bin/hostinfo      = unknown
/bin/machine           = unknown
/usr/bin/oslevel       = unknown
/bin/universe          = unknown

PATH: /usr/lib/lightdm/lightdm
PATH: /usr/local/sbin
PATH: /usr/local/bin
PATH: /usr/sbin
PATH: /usr/bin
PATH: /sbin
PATH: /bin
PATH: /usr/games
PATH: /usr/local/games


## ----------- ##
## Core tests. ##
## ----------- ##

configure:2726: checking for a BSD-compatible install
configure:2794: result: /usr/bin/install -c
configure:2805: checking whether build environment is sane
configure:2860: result: yes
configure:3011: checking for a thread-safe mkdir -p
configure:3050: result: /bin/mkdir -p
configure:3057: checking for gawk
configure:3087: result: no
configure:3057: checking for mawk
configure:3073: found /usr/bin/mawk
configure:3084: result: mawk
configure:3095: checking whether make sets $(MAKE)
configure:3117: result: yes
configure:3253: checking for gcc
configure:3269: found /usr/bin/gcc
configure:3280: result: gcc
configure:3509: checking for C compiler version
configure:3518: gcc --version >&5
gcc (Ubuntu/Linaro 4.8.1-8ubuntu1) 4.8.1
Copyright (C) 2013 Free Software Foundation, Inc.
This is free software; see the source for copying conditions.  There is NO
warranty; not even for MERCHANTABILITY or FITNESS FOR A PARTICULAR PURPOSE.

configure:3529: $? = 0
configure:3518: gcc -v >&5
Using built-in specs.
COLLECT_GCC=gcc
COLLECT_LTO_WRAPPER=/usr/lib/gcc/i686-linux-gnu/4.8/lto-wrapper
Target: i686-linux-gnu
Configured with: ../src/configure -v --with-pkgversion='Ubuntu/Linaro 4.8.1-8ubuntu1' --with-bugurl=file:///usr/share/doc/gcc-4.8/README.Bugs --enable-languages=c,c++,java,go,d,fortran,objc,obj-c++ --prefix=/usr --program-suffix=-4.8 --enable-shared --enable-linker-build-id --libexecdir=/usr/lib --without-included-gettext --enable-threads=posix --with-gxx-include-dir=/usr/include/c++/4.8 --libdir=/usr/lib --enable-nls --with-sysroot=/ --enable-clocale=gnu --enable-libstdcxx-debug --enable-libstdcxx-time=yes --enable-gnu-unique-object --enable-plugin --with-system-zlib --disable-browser-plugin --enable-java-awt=gtk --enable-gtk-cairo --with-java-home=/usr/lib/jvm/java-1.5.0-gcj-4.8-i386/jre --enable-java-home --with-jvm-root-dir=/usr/lib/jvm/java-1.5.0-gcj-4.8-i386 --with-jvm-jar-dir=/usr/lib/jvm-exports/java-1.5.0-gcj-4.8-i386 --with-arch-directory=i386 --with-ecj-jar=/usr/share/java/eclipse-ecj.jar --enable-objc-gc --enable-targets=all --enable-multiarch --disable-werror --with-arch-32=i686 --with-multilib-list=m32,m64,mx32 --with-tune=generic --enable-checking=release --build=i686-linux-gnu --host=i686-linux-gnu --target=i686-linux-gnu
Thread model: posix
gcc version 4.8.1 (Ubuntu/Linaro 4.8.1-8ubuntu1) 
configure:3529: $? = 0
configure:3518: gcc -V >&5
gcc: error: unrecognized command line option '-V'
gcc: fatal error: no input files
compilation terminated.
configure:3529: $? = 4
configure:3518: gcc -qversion >&5
gcc: error: unrecognized command line option '-qversion'
gcc: fatal error: no input files
compilation terminated.
configure:3529: $? = 4
configure:3549: checking whether the C compiler works
configure:3571: gcc    conftest.c  >&5
configure:3575: $? = 0
configure:3623: result: yes
configure:3626: checking for C compiler default output file name
configure:3628: result: a.out
configure:3634: checking for suffix of executables
configure:3641: gcc -o conftest    conftest.c  >&5
configure:3645: $? = 0
configure:3667: result: 
configure:3689: checking whether we are cross compiling
configure:3697: gcc -o conftest    conftest.c  >&5
configure:3701: $? = 0
configure:3708: ./conftest
configure:3712: $? = 0
configure:3727: result: no
configure:3732: checking for suffix of object files
configure:3754: gcc -c   conftest.c >&5
configure:3758: $? = 0
configure:3779: result: o
configure:3783: checking whether we are using the GNU C compiler
configure:3802: gcc -c   conftest.c >&5
configure:3802: $? = 0
configure:3811: result: yes
configure:3820: checking whether gcc accepts -g
configure:3840: gcc -c -g  conftest.c >&5
configure:3840: $? = 0
configure:3881: result: yes
configure:3898: checking for gcc option to accept ISO C89
configure:3961: gcc  -c -g -O2  conftest.c >&5
configure:3961: $? = 0
configure:3974: result: none needed
configure:4005: checking for style of include used by make
configure:4033: result: GNU
configure:4059: checking dependency style of gcc
configure:4170: result: gcc3
configure:4186: checking whether gcc and cc understand -c and -o together
configure:4217: gcc -c conftest.c -o conftest2.o >&5
configure:4221: $? = 0
configure:4227: gcc -c conftest.c -o conftest2.o >&5
configure:4231: $? = 0
configure:4242: cc -c conftest.c >&5
configure:4246: $? = 0
configure:4254: cc -c conftest.c -o conftest2.o >&5
configure:4258: $? = 0
configure:4264: cc -c conftest.c -o conftest2.o >&5
configure:4268: $? = 0
configure:4286: result: yes
configure:4338: checking for main in -lz
configure:4357: gcc -o conftest -g -O2   conftest.c -lz   >&5
configure:4357: $? = 0
configure:4366: result: yes
configure:4377: checking new ZLIB version
configure:4393: gcc -c -g -O2  conftest.c >&5
configure:4393: $? = 0
configure:4400: result: yes
configure:4438: checking build system type
configure:4452: result: i686-pc-linux-gnu
configure:4472: checking host system type
configure:4485: result: i686-pc-linux-gnu
configure:4505: checking for a sed that does not truncate output
configure:4569: result: /bin/sed
configure:4587: checking for grep that handles long lines and -e
configure:4645: result: /bin/grep
configure:4650: checking for egrep
configure:4712: result: /bin/grep -E
configure:4717: checking for fgrep
configure:4779: result: /bin/grep -F
configure:4814: checking for ld used by gcc
configure:4881: result: /usr/bin/ld
configure:4888: checking if the linker (/usr/bin/ld) is GNU ld
configure:4903: result: yes
configure:4915: checking for BSD- or MS-compatible name lister (nm)
configure:4964: result: /usr/bin/nm -B
configure:5082: checking the name lister (/usr/bin/nm -B) interface
configure:5089: gcc -c -g -O2  conftest.c >&5
configure:5092: /usr/bin/nm -B "conftest.o"
configure:5095: output
00000000 B some_variable
configure:5102: result: BSD nm
configure:5105: checking whether ln -s works
configure:5109: result: yes
configure:5117: checking the maximum length of command line arguments
configure:5237: result: 1572864
configure:5254: checking whether the shell understands some XSI constructs
configure:5264: result: yes
configure:5268: checking whether the shell understands "+="
configure:5274: result: yes
configure:5309: checking for /usr/bin/ld option to reload object files
configure:5316: result: -r
configure:5385: checking for objdump
configure:5401: found /usr/bin/objdump
configure:5412: result: objdump
configure:5444: checking how to recognize dependent libraries
configure:5640: result: pass_all
configure:5700: checking for ar
configure:5716: found /usr/bin/ar
configure:5727: result: ar
configure:5805: checking for strip
configure:5821: found /usr/bin/strip
configure:5832: result: strip
configure:5904: checking for ranlib
configure:5920: found /usr/bin/ranlib
configure:5931: result: ranlib
configure:6021: checking command to parse /usr/bin/nm -B output from gcc object
configure:6139: gcc -c -g -O2  conftest.c >&5
configure:6142: $? = 0
configure:6146: /usr/bin/nm -B conftest.o \| sed -n -e 's/^.*[	 ]\([ABCDGIRSTW][ABCDGIRSTW]*\)[	 ][	 ]*\([_A-Za-z][_A-Za-z0-9]*\)$/\1 \2 \2/p' \> conftest.nm
configure:6149: $? = 0
configure:6203: gcc -o conftest -g -O2   conftest.c conftstm.o >&5
configure:6206: $? = 0
configure:6244: result: ok
configure:7052: checking how to run the C preprocessor
configure:7083: gcc -E  conftest.c
configure:7083: $? = 0
configure:7097: gcc -E  conftest.c
conftest.c:12:28: fatal error: ac_nonexistent.h: No such file or directory
 #include <ac_nonexistent.h>
                            ^
compilation terminated.
configure:7097: $? = 1
configure: failed program was:
| /* confdefs.h */
| #define PACKAGE_NAME "libzip"
| #define PACKAGE_TARNAME "libzip"
| #define PACKAGE_VERSION "0.11.1"
| #define PACKAGE_STRING "libzip 0.11.1"
| #define PACKAGE_BUGREPORT "libzip@nih.at"
| #define PACKAGE_URL ""
| #define PACKAGE "libzip"
| #define VERSION "0.11.1"
| #define HAVE_LIBZ 1
| /* end confdefs.h.  */
| #include <ac_nonexistent.h>
configure:7122: result: gcc -E
configure:7142: gcc -E  conftest.c
configure:7142: $? = 0
configure:7156: gcc -E  conftest.c
conftest.c:12:28: fatal error: ac_nonexistent.h: No such file or directory
 #include <ac_nonexistent.h>
                            ^
compilation terminated.
configure:7156: $? = 1
configure: failed program was:
| /* confdefs.h */
| #define PACKAGE_NAME "libzip"
| #define PACKAGE_TARNAME "libzip"
| #define PACKAGE_VERSION "0.11.1"
| #define PACKAGE_STRING "libzip 0.11.1"
| #define PACKAGE_BUGREPORT "libzip@nih.at"
| #define PACKAGE_URL ""
| #define PACKAGE "libzip"
| #define VERSION "0.11.1"
| #define HAVE_LIBZ 1
| /* end confdefs.h.  */
| #include <ac_nonexistent.h>
configure:7185: checking for ANSI C header files
configure:7205: gcc -c -g -O2  conftest.c >&5
configure:7205: $? = 0
configure:7278: gcc -o conftest -g -O2   conftest.c -lz  >&5
configure:7278: $? = 0
configure:7278: ./conftest
configure:7278: $? = 0
configure:7289: result: yes
configure:7302: checking for sys/types.h
configure:7302: gcc -c -g -O2  conftest.c >&5
configure:7302: $? = 0
configure:7302: result: yes
configure:7302: checking for sys/stat.h
configure:7302: gcc -c -g -O2  conftest.c >&5
configure:7302: $? = 0
configure:7302: result: yes
configure:7302: checking for stdlib.h
configure:7302: gcc -c -g -O2  conftest.c >&5
configure:7302: $? = 0
configure:7302: result: yes
configure:7302: checking for string.h
configure:7302: gcc -c -g -O2  conftest.c >&5
configure:7302: $? = 0
configure:7302: result: yes
configure:7302: checking for memory.h
configure:7302: gcc -c -g -O2  conftest.c >&5
configure:7302: $? = 0
configure:7302: result: yes
configure:7302: checking for strings.h
configure:7302: gcc -c -g -O2  conftest.c >&5
configure:7302: $? = 0
configure:7302: result: yes
configure:7302: checking for inttypes.h
configure:7302: gcc -c -g -O2  conftest.c >&5
configure:7302: $? = 0
configure:7302: result: yes
configure:7302: checking for stdint.h
configure:7302: gcc -c -g -O2  conftest.c >&5
configure:7302: $? = 0
configure:7302: result: yes
configure:7302: checking for unistd.h
configure:7302: gcc -c -g -O2  conftest.c >&5
configure:7302: $? = 0
configure:7302: result: yes
configure:7316: checking for dlfcn.h
configure:7316: gcc -c -g -O2  conftest.c >&5
configure:7316: $? = 0
configure:7316: result: yes
configure:7500: checking for objdir
configure:7515: result: .libs
configure:7811: checking if gcc supports -fno-rtti -fno-exceptions
configure:7829: gcc -c -g -O2  -fno-rtti -fno-exceptions conftest.c >&5
cc1: warning: command line option '-fno-rtti' is valid for C++/ObjC++ but not for C [enabled by default]
configure:7833: $? = 0
configure:7846: result: no
configure:7866: checking for gcc option to produce PIC
configure:8138: result: -fPIC -DPIC
configure:8150: checking if gcc PIC flag -fPIC -DPIC works
configure:8168: gcc -c -g -O2  -fPIC -DPIC -DPIC conftest.c >&5
configure:8172: $? = 0
configure:8185: result: yes
configure:8209: checking if gcc static flag -static works
configure:8237: result: yes
configure:8252: checking if gcc supports -c -o file.o
configure:8273: gcc -c -g -O2  -o out/conftest2.o conftest.c >&5
configure:8277: $? = 0
configure:8299: result: yes
configure:8307: checking if gcc supports -c -o file.o
configure:8354: result: yes
configure:8387: checking whether the gcc linker (/usr/bin/ld) supports shared libraries
configure:9373: result: yes
configure:9410: checking whether -lc should be explicitly linked in
configure:9415: gcc -c -g -O2  conftest.c >&5
configure:9418: $? = 0
configure:9433: gcc -shared conftest.o  -v -Wl,-soname -Wl,conftest -o conftest 2\>\&1 \| /bin/grep  -lc  \>/dev/null 2\>\&1
configure:9436: $? = 0
configure:9448: result: no
configure:9612: checking dynamic linker characteristics
configure:10045: gcc -o conftest -g -O2   -Wl,-rpath -Wl,/foo conftest.c -lz  >&5
configure:10045: $? = 0
configure:10263: result: GNU/Linux ld.so
configure:10365: checking how to hardcode library paths into programs
configure:10390: result: immediate
configure:10910: checking whether stripping libraries is possible
configure:10915: result: yes
configure:10950: checking if libtool supports shared libraries
configure:10952: result: yes
configure:10955: checking whether to build shared libraries
configure:10976: result: yes
configure:10979: checking whether to build static libraries
configure:10983: result: yes
configure:11022: checking for _close
configure:11022: gcc -o conftest -g -O2   conftest.c -lz  >&5
/tmp/ccoEd6tP.o: In function `main':
/home/lubos/Desktop/Skola/SVP/open4speedHD/support/libzip-0.11.1/conftest.c:58: undefined reference to `_close'
collect2: error: ld returned 1 exit status
configure:11022: $? = 1
configure: failed program was:
| /* confdefs.h */
| #define PACKAGE_NAME "libzip"
| #define PACKAGE_TARNAME "libzip"
| #define PACKAGE_VERSION "0.11.1"
| #define PACKAGE_STRING "libzip 0.11.1"
| #define PACKAGE_BUGREPORT "libzip@nih.at"
| #define PACKAGE_URL ""
| #define PACKAGE "libzip"
| #define VERSION "0.11.1"
| #define HAVE_LIBZ 1
| #define STDC_HEADERS 1
| #define HAVE_SYS_TYPES_H 1
| #define HAVE_SYS_STAT_H 1
| #define HAVE_STDLIB_H 1
| #define HAVE_STRING_H 1
| #define HAVE_MEMORY_H 1
| #define HAVE_STRINGS_H 1
| #define HAVE_INTTYPES_H 1
| #define HAVE_STDINT_H 1
| #define HAVE_UNISTD_H 1
| #define HAVE_DLFCN_H 1
| #define LT_OBJDIR ".libs/"
| /* end confdefs.h.  */
| /* Define _close to an innocuous variant, in case <limits.h> declares _close.
|    For example, HP-UX 11i <limits.h> declares gettimeofday.  */
| #define _close innocuous__close
| 
| /* System header to define __stub macros and hopefully few prototypes,
|     which can conflict with char _close (); below.
|     Prefer <limits.h> to <assert.h> if __STDC__ is defined, since
|     <limits.h> exists even on freestanding compilers.  */
| 
| #ifdef __STDC__
| # include <limits.h>
| #else
| # include <assert.h>
| #endif
| 
| #undef _close
| 
| /* Override any GCC internal prototype to avoid an error.
|    Use char because int might match the return type of a GCC
|    builtin and then its argument prototype would still apply.  */
| #ifdef __cplusplus
| extern "C"
| #endif
| char _close ();
| /* The GNU C library defines this for functions which it implements
|     to always fail with ENOSYS.  Some functions are actually named
|     something starting with __ and the normal name is an alias.  */
| #if defined __stub__close || defined __stub____close
| choke me
| #endif
| 
| int
| main ()
| {
| return _close ();
|   ;
|   return 0;
| }
configure:11022: result: no
configure:11022: checking for _dup
configure:11022: gcc -o conftest -g -O2   conftest.c -lz  >&5
/tmp/ccaqGv4U.o: In function `main':
/home/lubos/Desktop/Skola/SVP/open4speedHD/support/libzip-0.11.1/conftest.c:58: undefined reference to `_dup'
collect2: error: ld returned 1 exit status
configure:11022: $? = 1
configure: failed program was:
| /* confdefs.h */
| #define PACKAGE_NAME "libzip"
| #define PACKAGE_TARNAME "libzip"
| #define PACKAGE_VERSION "0.11.1"
| #define PACKAGE_STRING "libzip 0.11.1"
| #define PACKAGE_BUGREPORT "libzip@nih.at"
| #define PACKAGE_URL ""
| #define PACKAGE "libzip"
| #define VERSION "0.11.1"
| #define HAVE_LIBZ 1
| #define STDC_HEADERS 1
| #define HAVE_SYS_TYPES_H 1
| #define HAVE_SYS_STAT_H 1
| #define HAVE_STDLIB_H 1
| #define HAVE_STRING_H 1
| #define HAVE_MEMORY_H 1
| #define HAVE_STRINGS_H 1
| #define HAVE_INTTYPES_H 1
| #define HAVE_STDINT_H 1
| #define HAVE_UNISTD_H 1
| #define HAVE_DLFCN_H 1
| #define LT_OBJDIR ".libs/"
| /* end confdefs.h.  */
| /* Define _dup to an innocuous variant, in case <limits.h> declares _dup.
|    For example, HP-UX 11i <limits.h> declares gettimeofday.  */
| #define _dup innocuous__dup
| 
| /* System header to define __stub macros and hopefully few prototypes,
|     which can conflict with char _dup (); below.
|     Prefer <limits.h> to <assert.h> if __STDC__ is defined, since
|     <limits.h> exists even on freestanding compilers.  */
| 
| #ifdef __STDC__
| # include <limits.h>
| #else
| # include <assert.h>
| #endif
| 
| #undef _dup
| 
| /* Override any GCC internal prototype to avoid an error.
|    Use char because int might match the return type of a GCC
|    builtin and then its argument prototype would still apply.  */
| #ifdef __cplusplus
| extern "C"
| #endif
| char _dup ();
| /* The GNU C library defines this for functions which it implements
|     to always fail with ENOSYS.  Some functions are actually named
|     something starting with __ and the normal name is an alias.  */
| #if defined __stub__dup || defined __stub____dup
| choke me
| #endif
| 
| int
| main ()
| {
| return _dup ();
|   ;
|   return 0;
| }
configure:11022: result: no
configure:11022: checking for _fdopen
configure:11022: gcc -o conftest -g -O2   conftest.c -lz  >&5
/tmp/ccS5z8PY.o: In function `main':
/home/lubos/Desktop/Skola/SVP/open4speedHD/support/libzip-0.11.1/conftest.c:58: undefined reference to `_fdopen'
collect2: error: ld returned 1 exit status
configure:11022: $? = 1
configure: failed program was:
| /* confdefs.h */
| #define PACKAGE_NAME "libzip"
| #define PACKAGE_TARNAME "libzip"
| #define PACKAGE_VERSION "0.11.1"
| #define PACKAGE_STRING "libzip 0.11.1"
| #define PACKAGE_BUGREPORT "libzip@nih.at"
| #define PACKAGE_URL ""
| #define PACKAGE "libzip"
| #define VERSION "0.11.1"
| #define HAVE_LIBZ 1
| #define STDC_HEADERS 1
| #define HAVE_SYS_TYPES_H 1
| #define HAVE_SYS_STAT_H 1
| #define HAVE_STDLIB_H 1
| #define HAVE_STRING_H 1
| #define HAVE_MEMORY_H 1
| #define HAVE_STRINGS_H 1
| #define HAVE_INTTYPES_H 1
| #define HAVE_STDINT_H 1
| #define HAVE_UNISTD_H 1
| #define HAVE_DLFCN_H 1
| #define LT_OBJDIR ".libs/"
| /* end confdefs.h.  */
| /* Define _fdopen to an innocuous variant, in case <limits.h> declares _fdopen.
|    For example, HP-UX 11i <limits.h> declares gettimeofday.  */
| #define _fdopen innocuous__fdopen
| 
| /* System header to define __stub macros and hopefully few prototypes,
|     which can conflict with char _fdopen (); below.
|     Prefer <limits.h> to <assert.h> if __STDC__ is defined, since
|     <limits.h> exists even on freestanding compilers.  */
| 
| #ifdef __STDC__
| # include <limits.h>
| #else
| # include <assert.h>
| #endif
| 
| #undef _fdopen
| 
| /* Override any GCC internal prototype to avoid an error.
|    Use char because int might match the return type of a GCC
|    builtin and then its argument prototype would still apply.  */
| #ifdef __cplusplus
| extern "C"
| #endif
| char _fdopen ();
| /* The GNU C library defines this for functions which it implements
|     to always fail with ENOSYS.  Some functions are actually named
|     something starting with __ and the normal name is an alias.  */
| #if defined __stub__fdopen || defined __stub____fdopen
| choke me
| #endif
| 
| int
| main ()
| {
| return _fdopen ();
|   ;
|   return 0;
| }
configure:11022: result: no
configure:11022: checking for _fileno
configure:11022: gcc -o conftest -g -O2   conftest.c -lz  >&5
/tmp/ccWOCFF6.o: In function `main':
/home/lubos/Desktop/Skola/SVP/open4speedHD/support/libzip-0.11.1/conftest.c:58: undefined reference to `_fileno'
collect2: error: ld returned 1 exit status
configure:11022: $? = 1
configure: failed program was:
| /* confdefs.h */
| #define PACKAGE_NAME "libzip"
| #define PACKAGE_TARNAME "libzip"
| #define PACKAGE_VERSION "0.11.1"
| #define PACKAGE_STRING "libzip 0.11.1"
| #define PACKAGE_BUGREPORT "libzip@nih.at"
| #define PACKAGE_URL ""
| #define PACKAGE "libzip"
| #define VERSION "0.11.1"
| #define HAVE_LIBZ 1
| #define STDC_HEADERS 1
| #define HAVE_SYS_TYPES_H 1
| #define HAVE_SYS_STAT_H 1
| #define HAVE_STDLIB_H 1
| #define HAVE_STRING_H 1
| #define HAVE_MEMORY_H 1
| #define HAVE_STRINGS_H 1
| #define HAVE_INTTYPES_H 1
| #define HAVE_STDINT_H 1
| #define HAVE_UNISTD_H 1
| #define HAVE_DLFCN_H 1
| #define LT_OBJDIR ".libs/"
| /* end confdefs.h.  */
| /* Define _fileno to an innocuous variant, in case <limits.h> declares _fileno.
|    For example, HP-UX 11i <limits.h> declares gettimeofday.  */
| #define _fileno innocuous__fileno
| 
| /* System header to define __stub macros and hopefully few prototypes,
|     which can conflict with char _fileno (); below.
|     Prefer <limits.h> to <assert.h> if __STDC__ is defined, since
|     <limits.h> exists even on freestanding compilers.  */
| 
| #ifdef __STDC__
| # include <limits.h>
| #else
| # include <assert.h>
| #endif
| 
| #undef _fileno
| 
| /* Override any GCC internal prototype to avoid an error.
|    Use char because int might match the return type of a GCC
|    builtin and then its argument prototype would still apply.  */
| #ifdef __cplusplus
| extern "C"
| #endif
| char _fileno ();
| /* The GNU C library defines this for functions which it implements
|     to always fail with ENOSYS.  Some functions are actually named
|     something starting with __ and the normal name is an alias.  */
| #if defined __stub__fileno || defined __stub____fileno
| choke me
| #endif
| 
| int
| main ()
| {
| return _fileno ();
|   ;
|   return 0;
| }
configure:11022: result: no
configure:11022: checking for _open
configure:11022: gcc -o conftest -g -O2   conftest.c -lz  >&5
/tmp/ccofqhwc.o: In function `main':
/home/lubos/Desktop/Skola/SVP/open4speedHD/support/libzip-0.11.1/conftest.c:58: undefined reference to `_open'
collect2: error: ld returned 1 exit status
configure:11022: $? = 1
configure: failed program was:
| /* confdefs.h */
| #define PACKAGE_NAME "libzip"
| #define PACKAGE_TARNAME "libzip"
| #define PACKAGE_VERSION "0.11.1"
| #define PACKAGE_STRING "libzip 0.11.1"
| #define PACKAGE_BUGREPORT "libzip@nih.at"
| #define PACKAGE_URL ""
| #define PACKAGE "libzip"
| #define VERSION "0.11.1"
| #define HAVE_LIBZ 1
| #define STDC_HEADERS 1
| #define HAVE_SYS_TYPES_H 1
| #define HAVE_SYS_STAT_H 1
| #define HAVE_STDLIB_H 1
| #define HAVE_STRING_H 1
| #define HAVE_MEMORY_H 1
| #define HAVE_STRINGS_H 1
| #define HAVE_INTTYPES_H 1
| #define HAVE_STDINT_H 1
| #define HAVE_UNISTD_H 1
| #define HAVE_DLFCN_H 1
| #define LT_OBJDIR ".libs/"
| /* end confdefs.h.  */
| /* Define _open to an innocuous variant, in case <limits.h> declares _open.
|    For example, HP-UX 11i <limits.h> declares gettimeofday.  */
| #define _open innocuous__open
| 
| /* System header to define __stub macros and hopefully few prototypes,
|     which can conflict with char _open (); below.
|     Prefer <limits.h> to <assert.h> if __STDC__ is defined, since
|     <limits.h> exists even on freestanding compilers.  */
| 
| #ifdef __STDC__
| # include <limits.h>
| #else
| # include <assert.h>
| #endif
| 
| #undef _open
| 
| /* Override any GCC internal prototype to avoid an error.
|    Use char because int might match the return type of a GCC
|    builtin and then its argument prototype would still apply.  */
| #ifdef __cplusplus
| extern "C"
| #endif
| char _open ();
| /* The GNU C library defines this for functions which it implements
|     to always fail with ENOSYS.  Some functions are actually named
|     something starting with __ and the normal name is an alias.  */
| #if defined __stub__open || defined __stub____open
| choke me
| #endif
| 
| int
| main ()
| {
| return _open ();
|   ;
|   return 0;
| }
configure:11022: result: no
configure:11022: checking for _snprintf
configure:11022: gcc -o conftest -g -O2   conftest.c -lz  >&5
/tmp/ccfDHiq8.o: In function `main':
/home/lubos/Desktop/Skola/SVP/open4speedHD/support/libzip-0.11.1/conftest.c:58: undefined reference to `_snprintf'
collect2: error: ld returned 1 exit status
configure:11022: $? = 1
configure: failed program was:
| /* confdefs.h */
| #define PACKAGE_NAME "libzip"
| #define PACKAGE_TARNAME "libzip"
| #define PACKAGE_VERSION "0.11.1"
| #define PACKAGE_STRING "libzip 0.11.1"
| #define PACKAGE_BUGREPORT "libzip@nih.at"
| #define PACKAGE_URL ""
| #define PACKAGE "libzip"
| #define VERSION "0.11.1"
| #define HAVE_LIBZ 1
| #define STDC_HEADERS 1
| #define HAVE_SYS_TYPES_H 1
| #define HAVE_SYS_STAT_H 1
| #define HAVE_STDLIB_H 1
| #define HAVE_STRING_H 1
| #define HAVE_MEMORY_H 1
| #define HAVE_STRINGS_H 1
| #define HAVE_INTTYPES_H 1
| #define HAVE_STDINT_H 1
| #define HAVE_UNISTD_H 1
| #define HAVE_DLFCN_H 1
| #define LT_OBJDIR ".libs/"
| /* end confdefs.h.  */
| /* Define _snprintf to an innocuous variant, in case <limits.h> declares _snprintf.
|    For example, HP-UX 11i <limits.h> declares gettimeofday.  */
| #define _snprintf innocuous__snprintf
| 
| /* System header to define __stub macros and hopefully few prototypes,
|     which can conflict with char _snprintf (); below.
|     Prefer <limits.h> to <assert.h> if __STDC__ is defined, since
|     <limits.h> exists even on freestanding compilers.  */
| 
| #ifdef __STDC__
| # include <limits.h>
| #else
| # include <assert.h>
| #endif
| 
| #undef _snprintf
| 
| /* Override any GCC internal prototype to avoid an error.
|    Use char because int might match the return type of a GCC
|    builtin and then its argument prototype would still apply.  */
| #ifdef __cplusplus
| extern "C"
| #endif
| char _snprintf ();
| /* The GNU C library defines this for functions which it implements
|     to always fail with ENOSYS.  Some functions are actually named
|     something starting with __ and the normal name is an alias.  */
| #if defined __stub__snprintf || defined __stub____snprintf
| choke me
| #endif
| 
| int
| main ()
| {
| return _snprintf ();
|   ;
|   return 0;
| }
configure:11022: result: no
configure:11022: checking for _strdup
configure:11022: gcc -o conftest -g -O2   conftest.c -lz  >&5
/tmp/cc5gA8qe.o: In function `main':
/home/lubos/Desktop/Skola/SVP/open4speedHD/support/libzip-0.11.1/conftest.c:58: undefined reference to `_strdup'
collect2: error: ld returned 1 exit status
configure:11022: $? = 1
configure: failed program was:
| /* confdefs.h */
| #define PACKAGE_NAME "libzip"
| #define PACKAGE_TARNAME "libzip"
| #define PACKAGE_VERSION "0.11.1"
| #define PACKAGE_STRING "libzip 0.11.1"
| #define PACKAGE_BUGREPORT "libzip@nih.at"
| #define PACKAGE_URL ""
| #define PACKAGE "libzip"
| #define VERSION "0.11.1"
| #define HAVE_LIBZ 1
| #define STDC_HEADERS 1
| #define HAVE_SYS_TYPES_H 1
| #define HAVE_SYS_STAT_H 1
| #define HAVE_STDLIB_H 1
| #define HAVE_STRING_H 1
| #define HAVE_MEMORY_H 1
| #define HAVE_STRINGS_H 1
| #define HAVE_INTTYPES_H 1
| #define HAVE_STDINT_H 1
| #define HAVE_UNISTD_H 1
| #define HAVE_DLFCN_H 1
| #define LT_OBJDIR ".libs/"
| /* end confdefs.h.  */
| /* Define _strdup to an innocuous variant, in case <limits.h> declares _strdup.
|    For example, HP-UX 11i <limits.h> declares gettimeofday.  */
| #define _strdup innocuous__strdup
| 
| /* System header to define __stub macros and hopefully few prototypes,
|     which can conflict with char _strdup (); below.
|     Prefer <limits.h> to <assert.h> if __STDC__ is defined, since
|     <limits.h> exists even on freestanding compilers.  */
| 
| #ifdef __STDC__
| # include <limits.h>
| #else
| # include <assert.h>
| #endif
| 
| #undef _strdup
| 
| /* Override any GCC internal prototype to avoid an error.
|    Use char because int might match the return type of a GCC
|    builtin and then its argument prototype would still apply.  */
| #ifdef __cplusplus
| extern "C"
| #endif
| char _strdup ();
| /* The GNU C library defines this for functions which it implements
|     to always fail with ENOSYS.  Some functions are actually named
|     something starting with __ and the normal name is an alias.  */
| #if defined __stub__strdup || defined __stub____strdup
| choke me
| #endif
| 
| int
| main ()
| {
| return _strdup ();
|   ;
|   return 0;
| }
configure:11022: result: no
configure:11022: checking for _stricmp
configure:11022: gcc -o conftest -g -O2   conftest.c -lz  >&5
/tmp/cchAjqGh.o: In function `main':
/home/lubos/Desktop/Skola/SVP/open4speedHD/support/libzip-0.11.1/conftest.c:58: undefined reference to `_stricmp'
collect2: error: ld returned 1 exit status
configure:11022: $? = 1
configure: failed program was:
| /* confdefs.h */
| #define PACKAGE_NAME "libzip"
| #define PACKAGE_TARNAME "libzip"
| #define PACKAGE_VERSION "0.11.1"
| #define PACKAGE_STRING "libzip 0.11.1"
| #define PACKAGE_BUGREPORT "libzip@nih.at"
| #define PACKAGE_URL ""
| #define PACKAGE "libzip"
| #define VERSION "0.11.1"
| #define HAVE_LIBZ 1
| #define STDC_HEADERS 1
| #define HAVE_SYS_TYPES_H 1
| #define HAVE_SYS_STAT_H 1
| #define HAVE_STDLIB_H 1
| #define HAVE_STRING_H 1
| #define HAVE_MEMORY_H 1
| #define HAVE_STRINGS_H 1
| #define HAVE_INTTYPES_H 1
| #define HAVE_STDINT_H 1
| #define HAVE_UNISTD_H 1
| #define HAVE_DLFCN_H 1
| #define LT_OBJDIR ".libs/"
| /* end confdefs.h.  */
| /* Define _stricmp to an innocuous variant, in case <limits.h> declares _stricmp.
|    For example, HP-UX 11i <limits.h> declares gettimeofday.  */
| #define _stricmp innocuous__stricmp
| 
| /* System header to define __stub macros and hopefully few prototypes,
|     which can conflict with char _stricmp (); below.
|     Prefer <limits.h> to <assert.h> if __STDC__ is defined, since
|     <limits.h> exists even on freestanding compilers.  */
| 
| #ifdef __STDC__
| # include <limits.h>
| #else
| # include <assert.h>
| #endif
| 
| #undef _stricmp
| 
| /* Override any GCC internal prototype to avoid an error.
|    Use char because int might match the return type of a GCC
|    builtin and then its argument prototype would still apply.  */
| #ifdef __cplusplus
| extern "C"
| #endif
| char _stricmp ();
| /* The GNU C library defines this for functions which it implements
|     to always fail with ENOSYS.  Some functions are actually named
|     something starting with __ and the normal name is an alias.  */
| #if defined __stub__stricmp || defined __stub____stricmp
| choke me
| #endif
| 
| int
| main ()
| {
| return _stricmp ();
|   ;
|   return 0;
| }
configure:11022: result: no
configure:11022: checking for fseeko
configure:11022: gcc -o conftest -g -O2   conftest.c -lz  >&5
configure:11022: $? = 0
configure:11022: result: yes
configure:11022: checking for ftello
configure:11022: gcc -o conftest -g -O2   conftest.c -lz  >&5
configure:11022: $? = 0
configure:11022: result: yes
configure:11022: checking for getopt
configure:11022: gcc -o conftest -g -O2   conftest.c -lz  >&5
configure:11022: $? = 0
configure:11022: result: yes
configure:11022: checking for open
configure:11022: gcc -o conftest -g -O2   conftest.c -lz  >&5
configure:11022: $? = 0
configure:11022: result: yes
configure:11022: checking for snprintf
configure:11022: gcc -o conftest -g -O2   conftest.c -lz  >&5
conftest.c:51:6: warning: conflicting types for built-in function 'snprintf' [enabled by default]
 char snprintf ();
      ^
configure:11022: $? = 0
configure:11022: result: yes
configure:11022: checking for strcasecmp
configure:11022: gcc -o conftest -g -O2   conftest.c -lz  >&5
conftest.c:52:6: warning: conflicting types for built-in function 'strcasecmp' [enabled by default]
 char strcasecmp ();
      ^
configure:11022: $? = 0
configure:11022: result: yes
configure:11022: checking for strdup
configure:11022: gcc -o conftest -g -O2   conftest.c -lz  >&5
conftest.c:53:6: warning: conflicting types for built-in function 'strdup' [enabled by default]
 char strdup ();
      ^
configure:11022: $? = 0
configure:11022: result: yes
configure:11033: checking for mkstemp
configure:11033: gcc -o conftest -g -O2   conftest.c -lz  >&5
configure:11033: $? = 0
configure:11033: result: yes
configure:11050: checking MoveFileExA
configure:11063: gcc -o conftest -g -O2   conftest.c -lz  >&5
conftest.c:32:21: fatal error: windows.h: No such file or directory
 #include <windows.h>
                     ^
compilation terminated.
configure:11063: $? = 1
configure: failed program was:
| /* confdefs.h */
| #define PACKAGE_NAME "libzip"
| #define PACKAGE_TARNAME "libzip"
| #define PACKAGE_VERSION "0.11.1"
| #define PACKAGE_STRING "libzip 0.11.1"
| #define PACKAGE_BUGREPORT "libzip@nih.at"
| #define PACKAGE_URL ""
| #define PACKAGE "libzip"
| #define VERSION "0.11.1"
| #define HAVE_LIBZ 1
| #define STDC_HEADERS 1
| #define HAVE_SYS_TYPES_H 1
| #define HAVE_SYS_STAT_H 1
| #define HAVE_STDLIB_H 1
| #define HAVE_STRING_H 1
| #define HAVE_MEMORY_H 1
| #define HAVE_STRINGS_H 1
| #define HAVE_INTTYPES_H 1
| #define HAVE_STDINT_H 1
| #define HAVE_UNISTD_H 1
| #define HAVE_DLFCN_H 1
| #define LT_OBJDIR ".libs/"
| #define HAVE_FSEEKO 1
| #define HAVE_FTELLO 1
| #define HAVE_GETOPT 1
| #define HAVE_OPEN 1
| #define HAVE_SNPRINTF 1
| #define HAVE_STRCASECMP 1
| #define HAVE_STRDUP 1
| #define HAVE_MKSTEMP 1
| /* end confdefs.h.  */
| #include <windows.h>
| int
| main ()
| {
| MoveFileExA("", "", 0);
|   ;
|   return 0;
| }
configure:11070: result: no
configure:11079: checking for unistd.h
configure:11079: result: yes
configure:11079: checking for strings.h
configure:11079: result: yes
configure:11090: checking for int8_t
configure:11090: gcc -c -g -O2  conftest.c >&5
configure:11090: $? = 0
configure:11090: gcc -c -g -O2  conftest.c >&5
conftest.c: In function 'main':
conftest.c:70:21: error: expected expression before ')' token
 if (sizeof ((int8_t)))
                     ^
configure:11090: $? = 1
configure: failed program was:
| /* confdefs.h */
| #define PACKAGE_NAME "libzip"
| #define PACKAGE_TARNAME "libzip"
| #define PACKAGE_VERSION "0.11.1"
| #define PACKAGE_STRING "libzip 0.11.1"
| #define PACKAGE_BUGREPORT "libzip@nih.at"
| #define PACKAGE_URL ""
| #define PACKAGE "libzip"
| #define VERSION "0.11.1"
| #define HAVE_LIBZ 1
| #define STDC_HEADERS 1
| #define HAVE_SYS_TYPES_H 1
| #define HAVE_SYS_STAT_H 1
| #define HAVE_STDLIB_H 1
| #define HAVE_STRING_H 1
| #define HAVE_MEMORY_H 1
| #define HAVE_STRINGS_H 1
| #define HAVE_INTTYPES_H 1
| #define HAVE_STDINT_H 1
| #define HAVE_UNISTD_H 1
| #define HAVE_DLFCN_H 1
| #define LT_OBJDIR ".libs/"
| #define HAVE_FSEEKO 1
| #define HAVE_FTELLO 1
| #define HAVE_GETOPT 1
| #define HAVE_OPEN 1
| #define HAVE_SNPRINTF 1
| #define HAVE_STRCASECMP 1
| #define HAVE_STRDUP 1
| #define HAVE_MKSTEMP 1
| #define HAVE_UNISTD_H 1
| #define HAVE_STRINGS_H 1
| /* end confdefs.h.  */
| #include <stdio.h>
| #ifdef HAVE_SYS_TYPES_H
| # include <sys/types.h>
| #endif
| #ifdef HAVE_SYS_STAT_H
| # include <sys/stat.h>
| #endif
| #ifdef STDC_HEADERS
| # include <stdlib.h>
| # include <stddef.h>
| #else
| # ifdef HAVE_STDLIB_H
| #  include <stdlib.h>
| # endif
| #endif
| #ifdef HAVE_STRING_H
| # if !defined STDC_HEADERS && defined HAVE_MEMORY_H
| #  include <memory.h>
| # endif
| # include <string.h>
| #endif
| #ifdef HAVE_STRINGS_H
| # include <strings.h>
| #endif
| #ifdef HAVE_INTTYPES_H
| # include <inttypes.h>
| #endif
| #ifdef HAVE_STDINT_H
| # include <stdint.h>
| #endif
| #ifdef HAVE_UNISTD_H
| # include <unistd.h>
| #endif
| int
| main ()
| {
| if (sizeof ((int8_t)))
| 	    return 0;
|   ;
|   return 0;
| }
configure:11090: result: yes
configure:11100: checking for int16_t
configure:11100: gcc -c -g -O2  conftest.c >&5
configure:11100: $? = 0
configure:11100: gcc -c -g -O2  conftest.c >&5
conftest.c: In function 'main':
conftest.c:71:22: error: expected expression before ')' token
 if (sizeof ((int16_t)))
                      ^
configure:11100: $? = 1
configure: failed program was:
| /* confdefs.h */
| #define PACKAGE_NAME "libzip"
| #define PACKAGE_TARNAME "libzip"
| #define PACKAGE_VERSION "0.11.1"
| #define PACKAGE_STRING "libzip 0.11.1"
| #define PACKAGE_BUGREPORT "libzip@nih.at"
| #define PACKAGE_URL ""
| #define PACKAGE "libzip"
| #define VERSION "0.11.1"
| #define HAVE_LIBZ 1
| #define STDC_HEADERS 1
| #define HAVE_SYS_TYPES_H 1
| #define HAVE_SYS_STAT_H 1
| #define HAVE_STDLIB_H 1
| #define HAVE_STRING_H 1
| #define HAVE_MEMORY_H 1
| #define HAVE_STRINGS_H 1
| #define HAVE_INTTYPES_H 1
| #define HAVE_STDINT_H 1
| #define HAVE_UNISTD_H 1
| #define HAVE_DLFCN_H 1
| #define LT_OBJDIR ".libs/"
| #define HAVE_FSEEKO 1
| #define HAVE_FTELLO 1
| #define HAVE_GETOPT 1
| #define HAVE_OPEN 1
| #define HAVE_SNPRINTF 1
| #define HAVE_STRCASECMP 1
| #define HAVE_STRDUP 1
| #define HAVE_MKSTEMP 1
| #define HAVE_UNISTD_H 1
| #define HAVE_STRINGS_H 1
| #define HAVE_INT8_T 1
| /* end confdefs.h.  */
| #include <stdio.h>
| #ifdef HAVE_SYS_TYPES_H
| # include <sys/types.h>
| #endif
| #ifdef HAVE_SYS_STAT_H
| # include <sys/stat.h>
| #endif
| #ifdef STDC_HEADERS
| # include <stdlib.h>
| # include <stddef.h>
| #else
| # ifdef HAVE_STDLIB_H
| #  include <stdlib.h>
| # endif
| #endif
| #ifdef HAVE_STRING_H
| # if !defined STDC_HEADERS && defined HAVE_MEMORY_H
| #  include <memory.h>
| # endif
| # include <string.h>
| #endif
| #ifdef HAVE_STRINGS_H
| # include <strings.h>
| #endif
| #ifdef HAVE_INTTYPES_H
| # include <inttypes.h>
| #endif
| #ifdef HAVE_STDINT_H
| # include <stdint.h>
| #endif
| #ifdef HAVE_UNISTD_H
| # include <unistd.h>
| #endif
| int
| main ()
| {
| if (sizeof ((int16_t)))
| 	    return 0;
|   ;
|   return 0;
| }
configure:11100: result: yes
configure:11110: checking for int32_t
configure:11110: gcc -c -g -O2  conftest.c >&5
configure:11110: $? = 0
configure:11110: gcc -c -g -O2  conftest.c >&5
conftest.c: In function 'main':
conftest.c:72:22: error: expected expression before ')' token
 if (sizeof ((int32_t)))
                      ^
configure:11110: $? = 1
configure: failed program was:
| /* confdefs.h */
| #define PACKAGE_NAME "libzip"
| #define PACKAGE_TARNAME "libzip"
| #define PACKAGE_VERSION "0.11.1"
| #define PACKAGE_STRING "libzip 0.11.1"
| #define PACKAGE_BUGREPORT "libzip@nih.at"
| #define PACKAGE_URL ""
| #define PACKAGE "libzip"
| #define VERSION "0.11.1"
| #define HAVE_LIBZ 1
| #define STDC_HEADERS 1
| #define HAVE_SYS_TYPES_H 1
| #define HAVE_SYS_STAT_H 1
| #define HAVE_STDLIB_H 1
| #define HAVE_STRING_H 1
| #define HAVE_MEMORY_H 1
| #define HAVE_STRINGS_H 1
| #define HAVE_INTTYPES_H 1
| #define HAVE_STDINT_H 1
| #define HAVE_UNISTD_H 1
| #define HAVE_DLFCN_H 1
| #define LT_OBJDIR ".libs/"
| #define HAVE_FSEEKO 1
| #define HAVE_FTELLO 1
| #define HAVE_GETOPT 1
| #define HAVE_OPEN 1
| #define HAVE_SNPRINTF 1
| #define HAVE_STRCASECMP 1
| #define HAVE_STRDUP 1
| #define HAVE_MKSTEMP 1
| #define HAVE_UNISTD_H 1
| #define HAVE_STRINGS_H 1
| #define HAVE_INT8_T 1
| #define HAVE_INT16_T 1
| /* end confdefs.h.  */
| #include <stdio.h>
| #ifdef HAVE_SYS_TYPES_H
| # include <sys/types.h>
| #endif
| #ifdef HAVE_SYS_STAT_H
| # include <sys/stat.h>
| #endif
| #ifdef STDC_HEADERS
| # include <stdlib.h>
| # include <stddef.h>
| #else
| # ifdef HAVE_STDLIB_H
| #  include <stdlib.h>
| # endif
| #endif
| #ifdef HAVE_STRING_H
| # if !defined STDC_HEADERS && defined HAVE_MEMORY_H
| #  include <memory.h>
| # endif
| # include <string.h>
| #endif
| #ifdef HAVE_STRINGS_H
| # include <strings.h>
| #endif
| #ifdef HAVE_INTTYPES_H
| # include <inttypes.h>
| #endif
| #ifdef HAVE_STDINT_H
| # include <stdint.h>
| #endif
| #ifdef HAVE_UNISTD_H
| # include <unistd.h>
| #endif
| int
| main ()
| {
| if (sizeof ((int32_t)))
| 	    return 0;
|   ;
|   return 0;
| }
configure:11110: result: yes
configure:11120: checking for int64_t
configure:11120: gcc -c -g -O2  conftest.c >&5
configure:11120: $? = 0
configure:11120: gcc -c -g -O2  conftest.c >&5
conftest.c: In function 'main':
conftest.c:73:22: error: expected expression before ')' token
 if (sizeof ((int64_t)))
                      ^
configure:11120: $? = 1
configure: failed program was:
| /* confdefs.h */
| #define PACKAGE_NAME "libzip"
| #define PACKAGE_TARNAME "libzip"
| #define PACKAGE_VERSION "0.11.1"
| #define PACKAGE_STRING "libzip 0.11.1"
| #define PACKAGE_BUGREPORT "libzip@nih.at"
| #define PACKAGE_URL ""
| #define PACKAGE "libzip"
| #define VERSION "0.11.1"
| #define HAVE_LIBZ 1
| #define STDC_HEADERS 1
| #define HAVE_SYS_TYPES_H 1
| #define HAVE_SYS_STAT_H 1
| #define HAVE_STDLIB_H 1
| #define HAVE_STRING_H 1
| #define HAVE_MEMORY_H 1
| #define HAVE_STRINGS_H 1
| #define HAVE_INTTYPES_H 1
| #define HAVE_STDINT_H 1
| #define HAVE_UNISTD_H 1
| #define HAVE_DLFCN_H 1
| #define LT_OBJDIR ".libs/"
| #define HAVE_FSEEKO 1
| #define HAVE_FTELLO 1
| #define HAVE_GETOPT 1
| #define HAVE_OPEN 1
| #define HAVE_SNPRINTF 1
| #define HAVE_STRCASECMP 1
| #define HAVE_STRDUP 1
| #define HAVE_MKSTEMP 1
| #define HAVE_UNISTD_H 1
| #define HAVE_STRINGS_H 1
| #define HAVE_INT8_T 1
| #define HAVE_INT16_T 1
| #define HAVE_INT32_T 1
| /* end confdefs.h.  */
| #include <stdio.h>
| #ifdef HAVE_SYS_TYPES_H
| # include <sys/types.h>
| #endif
| #ifdef HAVE_SYS_STAT_H
| # include <sys/stat.h>
| #endif
| #ifdef STDC_HEADERS
| # include <stdlib.h>
| # include <stddef.h>
| #else
| # ifdef HAVE_STDLIB_H
| #  include <stdlib.h>
| # endif
| #endif
| #ifdef HAVE_STRING_H
| # if !defined STDC_HEADERS && defined HAVE_MEMORY_H
| #  include <memory.h>
| # endif
| # include <string.h>
| #endif
| #ifdef HAVE_STRINGS_H
| # include <strings.h>
| #endif
| #ifdef HAVE_INTTYPES_H
| # include <inttypes.h>
| #endif
| #ifdef HAVE_STDINT_H
| # include <stdint.h>
| #endif
| #ifdef HAVE_UNISTD_H
| # include <unistd.h>
| #endif
| int
| main ()
| {
| if (sizeof ((int64_t)))
| 	    return 0;
|   ;
|   return 0;
| }
configure:11120: result: yes
configure:11130: checking for uint8_t
configure:11130: gcc -c -g -O2  conftest.c >&5
configure:11130: $? = 0
configure:11130: gcc -c -g -O2  conftest.c >&5
conftest.c: In function 'main':
conftest.c:74:22: error: expected expression before ')' token
 if (sizeof ((uint8_t)))
                      ^
configure:11130: $? = 1
configure: failed program was:
| /* confdefs.h */
| #define PACKAGE_NAME "libzip"
| #define PACKAGE_TARNAME "libzip"
| #define PACKAGE_VERSION "0.11.1"
| #define PACKAGE_STRING "libzip 0.11.1"
| #define PACKAGE_BUGREPORT "libzip@nih.at"
| #define PACKAGE_URL ""
| #define PACKAGE "libzip"
| #define VERSION "0.11.1"
| #define HAVE_LIBZ 1
| #define STDC_HEADERS 1
| #define HAVE_SYS_TYPES_H 1
| #define HAVE_SYS_STAT_H 1
| #define HAVE_STDLIB_H 1
| #define HAVE_STRING_H 1
| #define HAVE_MEMORY_H 1
| #define HAVE_STRINGS_H 1
| #define HAVE_INTTYPES_H 1
| #define HAVE_STDINT_H 1
| #define HAVE_UNISTD_H 1
| #define HAVE_DLFCN_H 1
| #define LT_OBJDIR ".libs/"
| #define HAVE_FSEEKO 1
| #define HAVE_FTELLO 1
| #define HAVE_GETOPT 1
| #define HAVE_OPEN 1
| #define HAVE_SNPRINTF 1
| #define HAVE_STRCASECMP 1
| #define HAVE_STRDUP 1
| #define HAVE_MKSTEMP 1
| #define HAVE_UNISTD_H 1
| #define HAVE_STRINGS_H 1
| #define HAVE_INT8_T 1
| #define HAVE_INT16_T 1
| #define HAVE_INT32_T 1
| #define HAVE_INT64_T 1
| /* end confdefs.h.  */
| #include <stdio.h>
| #ifdef HAVE_SYS_TYPES_H
| # include <sys/types.h>
| #endif
| #ifdef HAVE_SYS_STAT_H
| # include <sys/stat.h>
| #endif
| #ifdef STDC_HEADERS
| # include <stdlib.h>
| # include <stddef.h>
| #else
| # ifdef HAVE_STDLIB_H
| #  include <stdlib.h>
| # endif
| #endif
| #ifdef HAVE_STRING_H
| # if !defined STDC_HEADERS && defined HAVE_MEMORY_H
| #  include <memory.h>
| # endif
| # include <string.h>
| #endif
| #ifdef HAVE_STRINGS_H
| # include <strings.h>
| #endif
| #ifdef HAVE_INTTYPES_H
| # include <inttypes.h>
| #endif
| #ifdef HAVE_STDINT_H
| # include <stdint.h>
| #endif
| #ifdef HAVE_UNISTD_H
| # include <unistd.h>
| #endif
| int
| main ()
| {
| if (sizeof ((uint8_t)))
| 	    return 0;
|   ;
|   return 0;
| }
configure:11130: result: yes
configure:11140: checking for uint16_t
configure:11140: gcc -c -g -O2  conftest.c >&5
configure:11140: $? = 0
configure:11140: gcc -c -g -O2  conftest.c >&5
conftest.c: In function 'main':
conftest.c:75:23: error: expected expression before ')' token
 if (sizeof ((uint16_t)))
                       ^
configure:11140: $? = 1
configure: failed program was:
| /* confdefs.h */
| #define PACKAGE_NAME "libzip"
| #define PACKAGE_TARNAME "libzip"
| #define PACKAGE_VERSION "0.11.1"
| #define PACKAGE_STRING "libzip 0.11.1"
| #define PACKAGE_BUGREPORT "libzip@nih.at"
| #define PACKAGE_URL ""
| #define PACKAGE "libzip"
| #define VERSION "0.11.1"
| #define HAVE_LIBZ 1
| #define STDC_HEADERS 1
| #define HAVE_SYS_TYPES_H 1
| #define HAVE_SYS_STAT_H 1
| #define HAVE_STDLIB_H 1
| #define HAVE_STRING_H 1
| #define HAVE_MEMORY_H 1
| #define HAVE_STRINGS_H 1
| #define HAVE_INTTYPES_H 1
| #define HAVE_STDINT_H 1
| #define HAVE_UNISTD_H 1
| #define HAVE_DLFCN_H 1
| #define LT_OBJDIR ".libs/"
| #define HAVE_FSEEKO 1
| #define HAVE_FTELLO 1
| #define HAVE_GETOPT 1
| #define HAVE_OPEN 1
| #define HAVE_SNPRINTF 1
| #define HAVE_STRCASECMP 1
| #define HAVE_STRDUP 1
| #define HAVE_MKSTEMP 1
| #define HAVE_UNISTD_H 1
| #define HAVE_STRINGS_H 1
| #define HAVE_INT8_T 1
| #define HAVE_INT16_T 1
| #define HAVE_INT32_T 1
| #define HAVE_INT64_T 1
| #define HAVE_UINT8_T 1
| /* end confdefs.h.  */
| #include <stdio.h>
| #ifdef HAVE_SYS_TYPES_H
| # include <sys/types.h>
| #endif
| #ifdef HAVE_SYS_STAT_H
| # include <sys/stat.h>
| #endif
| #ifdef STDC_HEADERS
| # include <stdlib.h>
| # include <stddef.h>
| #else
| # ifdef HAVE_STDLIB_H
| #  include <stdlib.h>
| # endif
| #endif
| #ifdef HAVE_STRING_H
| # if !defined STDC_HEADERS && defined HAVE_MEMORY_H
| #  include <memory.h>
| # endif
| # include <string.h>
| #endif
| #ifdef HAVE_STRINGS_H
| # include <strings.h>
| #endif
| #ifdef HAVE_INTTYPES_H
| # include <inttypes.h>
| #endif
| #ifdef HAVE_STDINT_H
| # include <stdint.h>
| #endif
| #ifdef HAVE_UNISTD_H
| # include <unistd.h>
| #endif
| int
| main ()
| {
| if (sizeof ((uint16_t)))
| 	    return 0;
|   ;
|   return 0;
| }
configure:11140: result: yes
configure:11150: checking for uint32_t
configure:11150: gcc -c -g -O2  conftest.c >&5
configure:11150: $? = 0
configure:11150: gcc -c -g -O2  conftest.c >&5
conftest.c: In function 'main':
conftest.c:76:23: error: expected expression before ')' token
 if (sizeof ((uint32_t)))
                       ^
configure:11150: $? = 1
configure: failed program was:
| /* confdefs.h */
| #define PACKAGE_NAME "libzip"
| #define PACKAGE_TARNAME "libzip"
| #define PACKAGE_VERSION "0.11.1"
| #define PACKAGE_STRING "libzip 0.11.1"
| #define PACKAGE_BUGREPORT "libzip@nih.at"
| #define PACKAGE_URL ""
| #define PACKAGE "libzip"
| #define VERSION "0.11.1"
| #define HAVE_LIBZ 1
| #define STDC_HEADERS 1
| #define HAVE_SYS_TYPES_H 1
| #define HAVE_SYS_STAT_H 1
| #define HAVE_STDLIB_H 1
| #define HAVE_STRING_H 1
| #define HAVE_MEMORY_H 1
| #define HAVE_STRINGS_H 1
| #define HAVE_INTTYPES_H 1
| #define HAVE_STDINT_H 1
| #define HAVE_UNISTD_H 1
| #define HAVE_DLFCN_H 1
| #define LT_OBJDIR ".libs/"
| #define HAVE_FSEEKO 1
| #define HAVE_FTELLO 1
| #define HAVE_GETOPT 1
| #define HAVE_OPEN 1
| #define HAVE_SNPRINTF 1
| #define HAVE_STRCASECMP 1
| #define HAVE_STRDUP 1
| #define HAVE_MKSTEMP 1
| #define HAVE_UNISTD_H 1
| #define HAVE_STRINGS_H 1
| #define HAVE_INT8_T 1
| #define HAVE_INT16_T 1
| #define HAVE_INT32_T 1
| #define HAVE_INT64_T 1
| #define HAVE_UINT8_T 1
| #define HAVE_UINT16_T 1
| /* end confdefs.h.  */
| #include <stdio.h>
| #ifdef HAVE_SYS_TYPES_H
| # include <sys/types.h>
| #endif
| #ifdef HAVE_SYS_STAT_H
| # include <sys/stat.h>
| #endif
| #ifdef STDC_HEADERS
| # include <stdlib.h>
| # include <stddef.h>
| #else
| # ifdef HAVE_STDLIB_H
| #  include <stdlib.h>
| # endif
| #endif
| #ifdef HAVE_STRING_H
| # if !defined STDC_HEADERS && defined HAVE_MEMORY_H
| #  include <memory.h>
| # endif
| # include <string.h>
| #endif
| #ifdef HAVE_STRINGS_H
| # include <strings.h>
| #endif
| #ifdef HAVE_INTTYPES_H
| # include <inttypes.h>
| #endif
| #ifdef HAVE_STDINT_H
| # include <stdint.h>
| #endif
| #ifdef HAVE_UNISTD_H
| # include <unistd.h>
| #endif
| int
| main ()
| {
| if (sizeof ((uint32_t)))
| 	    return 0;
|   ;
|   return 0;
| }
configure:11150: result: yes
configure:11160: checking for uint64_t
configure:11160: gcc -c -g -O2  conftest.c >&5
configure:11160: $? = 0
configure:11160: gcc -c -g -O2  conftest.c >&5
conftest.c: In function 'main':
conftest.c:77:23: error: expected expression before ')' token
 if (sizeof ((uint64_t)))
                       ^
configure:11160: $? = 1
configure: failed program was:
| /* confdefs.h */
| #define PACKAGE_NAME "libzip"
| #define PACKAGE_TARNAME "libzip"
| #define PACKAGE_VERSION "0.11.1"
| #define PACKAGE_STRING "libzip 0.11.1"
| #define PACKAGE_BUGREPORT "libzip@nih.at"
| #define PACKAGE_URL ""
| #define PACKAGE "libzip"
| #define VERSION "0.11.1"
| #define HAVE_LIBZ 1
| #define STDC_HEADERS 1
| #define HAVE_SYS_TYPES_H 1
| #define HAVE_SYS_STAT_H 1
| #define HAVE_STDLIB_H 1
| #define HAVE_STRING_H 1
| #define HAVE_MEMORY_H 1
| #define HAVE_STRINGS_H 1
| #define HAVE_INTTYPES_H 1
| #define HAVE_STDINT_H 1
| #define HAVE_UNISTD_H 1
| #define HAVE_DLFCN_H 1
| #define LT_OBJDIR ".libs/"
| #define HAVE_FSEEKO 1
| #define HAVE_FTELLO 1
| #define HAVE_GETOPT 1
| #define HAVE_OPEN 1
| #define HAVE_SNPRINTF 1
| #define HAVE_STRCASECMP 1
| #define HAVE_STRDUP 1
| #define HAVE_MKSTEMP 1
| #define HAVE_UNISTD_H 1
| #define HAVE_STRINGS_H 1
| #define HAVE_INT8_T 1
| #define HAVE_INT16_T 1
| #define HAVE_INT32_T 1
| #define HAVE_INT64_T 1
| #define HAVE_UINT8_T 1
| #define HAVE_UINT16_T 1
| #define HAVE_UINT32_T 1
| /* end confdefs.h.  */
| #include <stdio.h>
| #ifdef HAVE_SYS_TYPES_H
| # include <sys/types.h>
| #endif
| #ifdef HAVE_SYS_STAT_H
| # include <sys/stat.h>
| #endif
| #ifdef STDC_HEADERS
| # include <stdlib.h>
| # include <stddef.h>
| #else
| # ifdef HAVE_STDLIB_H
| #  include <stdlib.h>
| # endif
| #endif
| #ifdef HAVE_STRING_H
| # if !defined STDC_HEADERS && defined HAVE_MEMORY_H
| #  include <memory.h>
| # endif
| # include <string.h>
| #endif
| #ifdef HAVE_STRINGS_H
| # include <strings.h>
| #endif
| #ifdef HAVE_INTTYPES_H
| # include <inttypes.h>
| #endif
| #ifdef HAVE_STDINT_H
| # include <stdint.h>
| #endif
| #ifdef HAVE_UNISTD_H
| # include <unistd.h>
| #endif
| int
| main ()
| {
| if (sizeof ((uint64_t)))
| 	    return 0;
|   ;
|   return 0;
| }
configure:11160: result: yes
configure:11170: checking for ssize_t
configure:11170: gcc -c -g -O2  conftest.c >&5
configure:11170: $? = 0
configure:11170: gcc -c -g -O2  conftest.c >&5
conftest.c: In function 'main':
conftest.c:78:22: error: expected expression before ')' token
 if (sizeof ((ssize_t)))
                      ^
configure:11170: $? = 1
configure: failed program was:
| /* confdefs.h */
| #define PACKAGE_NAME "libzip"
| #define PACKAGE_TARNAME "libzip"
| #define PACKAGE_VERSION "0.11.1"
| #define PACKAGE_STRING "libzip 0.11.1"
| #define PACKAGE_BUGREPORT "libzip@nih.at"
| #define PACKAGE_URL ""
| #define PACKAGE "libzip"
| #define VERSION "0.11.1"
| #define HAVE_LIBZ 1
| #define STDC_HEADERS 1
| #define HAVE_SYS_TYPES_H 1
| #define HAVE_SYS_STAT_H 1
| #define HAVE_STDLIB_H 1
| #define HAVE_STRING_H 1
| #define HAVE_MEMORY_H 1
| #define HAVE_STRINGS_H 1
| #define HAVE_INTTYPES_H 1
| #define HAVE_STDINT_H 1
| #define HAVE_UNISTD_H 1
| #define HAVE_DLFCN_H 1
| #define LT_OBJDIR ".libs/"
| #define HAVE_FSEEKO 1
| #define HAVE_FTELLO 1
| #define HAVE_GETOPT 1
| #define HAVE_OPEN 1
| #define HAVE_SNPRINTF 1
| #define HAVE_STRCASECMP 1
| #define HAVE_STRDUP 1
| #define HAVE_MKSTEMP 1
| #define HAVE_UNISTD_H 1
| #define HAVE_STRINGS_H 1
| #define HAVE_INT8_T 1
| #define HAVE_INT16_T 1
| #define HAVE_INT32_T 1
| #define HAVE_INT64_T 1
| #define HAVE_UINT8_T 1
| #define HAVE_UINT16_T 1
| #define HAVE_UINT32_T 1
| #define HAVE_UINT64_T 1
| /* end confdefs.h.  */
| #include <stdio.h>
| #ifdef HAVE_SYS_TYPES_H
| # include <sys/types.h>
| #endif
| #ifdef HAVE_SYS_STAT_H
| # include <sys/stat.h>
| #endif
| #ifdef STDC_HEADERS
| # include <stdlib.h>
| # include <stddef.h>
| #else
| # ifdef HAVE_STDLIB_H
| #  include <stdlib.h>
| # endif
| #endif
| #ifdef HAVE_STRING_H
| # if !defined STDC_HEADERS && defined HAVE_MEMORY_H
| #  include <memory.h>
| # endif
| # include <string.h>
| #endif
| #ifdef HAVE_STRINGS_H
| # include <strings.h>
| #endif
| #ifdef HAVE_INTTYPES_H
| # include <inttypes.h>
| #endif
| #ifdef HAVE_STDINT_H
| # include <stdint.h>
| #endif
| #ifdef HAVE_UNISTD_H
| # include <unistd.h>
| #endif
| int
| main ()
| {
| if (sizeof ((ssize_t)))
| 	    return 0;
|   ;
|   return 0;
| }
configure:11170: result: yes
configure:11185: checking size of short
configure:11190: gcc -o conftest -g -O2   conftest.c -lz  >&5
configure:11190: $? = 0
configure:11190: ./conftest
configure:11190: $? = 0
configure:11204: result: 2
configure:11218: checking size of int
configure:11223: gcc -o conftest -g -O2   conftest.c -lz  >&5
configure:11223: $? = 0
configure:11223: ./conftest
configure:11223: $? = 0
configure:11237: result: 4
configure:11251: checking size of long
configure:11256: gcc -o conftest -g -O2   conftest.c -lz  >&5
configure:11256: $? = 0
configure:11256: ./conftest
configure:11256: $? = 0
configure:11270: result: 4
configure:11284: checking size of long long
configure:11289: gcc -o conftest -g -O2   conftest.c -lz  >&5
configure:11289: $? = 0
configure:11289: ./conftest
configure:11289: $? = 0
configure:11303: result: 8
configure:11317: checking size of off_t
configure:11322: gcc -o conftest -g -O2   conftest.c -lz  >&5
configure:11322: $? = 0
configure:11322: ./conftest
configure:11322: $? = 0
configure:11336: result: 4
configure:11350: checking size of size_t
configure:11355: gcc -o conftest -g -O2   conftest.c -lz  >&5
configure:11355: $? = 0
configure:11355: ./conftest
configure:11355: $? = 0
configure:11369: result: 4
configure:11382: checking for touch
configure:11400: found /usr/bin/touch
configure:11412: result: /usr/bin/touch
configure:11422: checking for unzip
configure:11440: found /usr/bin/unzip
configure:11452: result: /usr/bin/unzip
configure:11461: checking whether struct tm is in sys/time.h or time.h
configure:11481: gcc -c -g -O2  conftest.c >&5
configure:11481: $? = 0
configure:11488: result: time.h
configure:11496: checking for struct tm.tm_zone
configure:11496: gcc -c -g -O2  conftest.c >&5
configure:11496: $? = 0
configure:11496: result: yes
configure:11684: checking that generated files are newer than configure
configure:11690: result: done
configure:11713: creating ./config.status

## ---------------------- ##
## Running config.status. ##
## ---------------------- ##

This file was extended by libzip config.status 0.11.1, which was
generated by GNU Autoconf 2.69.  Invocation command line was

  CONFIG_FILES    = 
  CONFIG_HEADERS  = 
  CONFIG_LINKS    = 
  CONFIG_COMMANDS = 
  $ ./config.status 

on lubos-TravelMate-P253

config.status:1097: creating Makefile
config.status:1097: creating libzip.pc
config.status:1097: creating libzip-uninstalled.pc
config.status:1097: creating man/Makefile
config.status:1097: creating lib/Makefile
config.status:1097: creating regress/Makefile
config.status:1097: creating src/Makefile
config.status:1097: creating config.h
config.status:1326: executing depfiles commands
config.status:1326: executing libtool commands

## ---------------- ##
## Cache variables. ##
## ---------------- ##

ac_cv_build=i686-pc-linux-gnu
ac_cv_c_compiler_gnu=yes
ac_cv_env_CC_set=
ac_cv_env_CC_value=
ac_cv_env_CFLAGS_set=
ac_cv_env_CFLAGS_value=
ac_cv_env_CPPFLAGS_set=
ac_cv_env_CPPFLAGS_value=
ac_cv_env_CPP_set=
ac_cv_env_CPP_value=
ac_cv_env_LDFLAGS_set=
ac_cv_env_LDFLAGS_value=
ac_cv_env_LIBS_set=
ac_cv_env_LIBS_value=
ac_cv_env_build_alias_set=
ac_cv_env_build_alias_value=
ac_cv_env_host_alias_set=
ac_cv_env_host_alias_value=
ac_cv_env_target_alias_set=
ac_cv_env_target_alias_value=
ac_cv_func__close=no
ac_cv_func__dup=no
ac_cv_func__fdopen=no
ac_cv_func__fileno=no
ac_cv_func__open=no
ac_cv_func__snprintf=no
ac_cv_func__strdup=no
ac_cv_func__stricmp=no
ac_cv_func_fseeko=yes
ac_cv_func_ftello=yes
ac_cv_func_getopt=yes
ac_cv_func_mkstemp=yes
ac_cv_func_open=yes
ac_cv_func_snprintf=yes
ac_cv_func_strcasecmp=yes
ac_cv_func_strdup=yes
ac_cv_header_dlfcn_h=yes
ac_cv_header_inttypes_h=yes
ac_cv_header_memory_h=yes
ac_cv_header_stdc=yes
ac_cv_header_stdint_h=yes
ac_cv_header_stdlib_h=yes
ac_cv_header_string_h=yes
ac_cv_header_strings_h=yes
ac_cv_header_sys_stat_h=yes
ac_cv_header_sys_types_h=yes
ac_cv_header_unistd_h=yes
ac_cv_host=i686-pc-linux-gnu
ac_cv_lib_z_main=yes
ac_cv_member_struct_tm_tm_zone=yes
ac_cv_objext=o
ac_cv_path_EGREP='/bin/grep -E'
ac_cv_path_FGREP='/bin/grep -F'
ac_cv_path_GREP=/bin/grep
ac_cv_path_SED=/bin/sed
ac_cv_path_TOUCH=/usr/bin/touch
ac_cv_path_UNZIP=/usr/bin/unzip
ac_cv_path_install='/usr/bin/install -c'
ac_cv_path_mkdir=/bin/mkdir
ac_cv_prog_AWK=mawk
ac_cv_prog_CPP='gcc -E'
ac_cv_prog_ac_ct_AR=ar
ac_cv_prog_ac_ct_CC=gcc
ac_cv_prog_ac_ct_OBJDUMP=objdump
ac_cv_prog_ac_ct_RANLIB=ranlib
ac_cv_prog_ac_ct_STRIP=strip
ac_cv_prog_cc_c89=
ac_cv_prog_cc_g=yes
ac_cv_prog_cc_gcc_c_o=yes
ac_cv_prog_make_make_set=yes
ac_cv_sizeof_int=4
ac_cv_sizeof_long=4
ac_cv_sizeof_long_long=8
ac_cv_sizeof_off_t=4
ac_cv_sizeof_short=2
ac_cv_sizeof_size_t=4
ac_cv_struct_tm=time.h
ac_cv_type_int16_t=yes
ac_cv_type_int32_t=yes
ac_cv_type_int64_t=yes
ac_cv_type_int8_t=yes
ac_cv_type_ssize_t=yes
ac_cv_type_uint16_t=yes
ac_cv_type_uint32_t=yes
ac_cv_type_uint64_t=yes
ac_cv_type_uint8_t=yes
am_cv_CC_dependencies_compiler_type=gcc3
id_cv_lib_zlib_ok=yes
lt_cv_deplibs_check_method=pass_all
lt_cv_file_magic_cmd='$MAGIC_CMD'
lt_cv_file_magic_test_file=
lt_cv_ld_reload_flag=-r
lt_cv_nm_interface='BSD nm'
lt_cv_objdir=.libs
lt_cv_path_LD=/usr/bin/ld
lt_cv_path_NM='/usr/bin/nm -B'
lt_cv_prog_compiler_c_o=yes
lt_cv_prog_compiler_pic_works=yes
lt_cv_prog_compiler_rtti_exceptions=no
lt_cv_prog_compiler_static_works=yes
lt_cv_prog_gnu_ld=yes
lt_cv_sys_global_symbol_pipe='sed -n -e '\''s/^.*[	 ]\([ABCDGIRSTW][ABCDGIRSTW]*\)[	 ][	 ]*\([_A-Za-z][_A-Za-z0-9]*\)$/\1 \2 \2/p'\'''
lt_cv_sys_global_symbol_to_c_name_address='sed -n -e '\''s/^: \([^ ]*\) $/  {\"\1\", (void *) 0},/p'\'' -e '\''s/^[ABCDGIRSTW]* \([^ ]*\) \([^ ]*\)$/  {"\2", (void *) \&\2},/p'\'''
lt_cv_sys_global_symbol_to_c_name_address_lib_prefix='sed -n -e '\''s/^: \([^ ]*\) $/  {\"\1\", (void *) 0},/p'\'' -e '\''s/^[ABCDGIRSTW]* \([^ ]*\) \(lib[^ ]*\)$/  {"\2", (void *) \&\2},/p'\'' -e '\''s/^[ABCDGIRSTW]* \([^ ]*\) \([^ ]*\)$/  {"lib\2", (void *) \&\2},/p'\'''
lt_cv_sys_global_symbol_to_cdecl='sed -n -e '\''s/^T .* \(.*\)$/extern int \1();/p'\'' -e '\''s/^[ABCDGIRSTW]* .* \(.*\)$/extern char \1;/p'\'''
lt_cv_sys_max_cmd_len=1572864

## ----------------- ##
## Output variables. ##
## ----------------- ##

ACLOCAL='${SHELL} /home/lubos/Desktop/Skola/SVP/open4speedHD/support/libzip-0.11.1/missing --run aclocal-1.12'
AMDEPBACKSLASH='\'
AMDEP_FALSE='#'
AMDEP_TRUE=''
AMTAR='$${TAR-tar}'
AR='ar'
AUTOCONF='${SHELL} /home/lubos/Desktop/Skola/SVP/open4speedHD/support/libzip-0.11.1/missing --run autoconf'
AUTOHEADER='${SHELL} /home/lubos/Desktop/Skola/SVP/open4speedHD/support/libzip-0.11.1/missing --run autoheader'
AUTOMAKE='${SHELL} /home/lubos/Desktop/Skola/SVP/open4speedHD/support/libzip-0.11.1/missing --run automake-1.12'
AWK='mawk'
CC='gcc'
CCDEPMODE='depmode=gcc3'
CFLAGS='-g -O2'
CPP='gcc -E'
CPPFLAGS=''
CYGPATH_W='echo'
DEFS='-DHAVE_CONFIG_H'
DEPDIR='.deps'
DSYMUTIL=''
DUMPBIN=''
ECHO_C=''
ECHO_N='-n'
ECHO_T=''
EGREP='/bin/grep -E'
EXEEXT=''
FGREP='/bin/grep -F'
GREP='/bin/grep'
INSTALL_DATA='${INSTALL} -m 644'
INSTALL_PROGRAM='${INSTALL}'
INSTALL_SCRIPT='${INSTALL}'
INSTALL_STRIP_PROGRAM='$(install_sh) -c -s'
LD='/usr/bin/ld'
LDFLAGS=''
LIBOBJS=''
LIBS='-lz '
LIBTOOL='$(SHELL) $(top_builddir)/libtool'
LIPO=''
LN_S='ln -s'
LTLIBOBJS=''
MAKEINFO='${SHELL} /home/lubos/Desktop/Skola/SVP/open4speedHD/support/libzip-0.11.1/missing --run makeinfo'
MANFMT='man'
MKDIR_P='/bin/mkdir -p'
NM='/usr/bin/nm -B'
NMEDIT=''
OBJDUMP='objdump'
OBJEXT='o'
OTOOL64=''
OTOOL=''
PACKAGE='libzip'
PACKAGE_BUGREPORT='libzip@nih.at'
PACKAGE_NAME='libzip'
PACKAGE_STRING='libzip 0.11.1'
PACKAGE_TARNAME='libzip'
PACKAGE_URL=''
PACKAGE_VERSION='0.11.1'
PATH_SEPARATOR=':'
RANLIB='ranlib'
SED='/bin/sed'
SET_MAKE=''
SHELL='/bin/bash'
STRIP='strip'
TOUCH='/usr/bin/touch'
UNZIP='/usr/bin/unzip'
VERSION='0.11.1'
ac_ct_CC='gcc'
ac_ct_DUMPBIN=''
am__EXEEXT_FALSE=''
am__EXEEXT_TRUE='#'
am__fastdepCC_FALSE='#'
am__fastdepCC_TRUE=''
am__include='include'
am__isrc=''
am__leading_dot='.'
am__nodep='_no'
am__quote=''
am__tar='$${TAR-tar} chof - "$$tardir"'
am__untar='$${TAR-tar} xf -'
bindir='${exec_prefix}/bin'
build='i686-pc-linux-gnu'
build_alias=''
build_cpu='i686'
build_os='linux-gnu'
build_vendor='pc'
datadir='${datarootdir}'
datarootdir='${prefix}/share'
docdir='${datarootdir}/doc/${PACKAGE_TARNAME}'
dvidir='${docdir}'
exec_prefix='${prefix}'
host='i686-pc-linux-gnu'
host_alias=''
host_cpu='i686'
host_os='linux-gnu'
host_vendor='pc'
htmldir='${docdir}'
includedir='${prefix}/include'
infodir='${datarootdir}/info'
install_sh='${SHELL} /home/lubos/Desktop/Skola/SVP/open4speedHD/support/libzip-0.11.1/install-sh'
libdir='${exec_prefix}/lib'
libexecdir='${exec_prefix}/libexec'
localedir='${datarootdir}/locale'
localstatedir='${prefix}/var'
lt_ECHO='echo'
mandir='${datarootdir}/man'
mkdir_p='$(MKDIR_P)'
oldincludedir='/usr/include'
pdfdir='${docdir}'
prefix='/usr/local'
program_transform_name='s,x,x,'
psdir='${docdir}'
sbindir='${exec_prefix}/sbin'
sharedstatedir='${prefix}/com'
sysconfdir='${prefix}/etc'
target_alias=''

## ----------- ##
## confdefs.h. ##
## ----------- ##

/* confdefs.h */
#define PACKAGE_NAME "libzip"
#define PACKAGE_TARNAME "libzip"
#define PACKAGE_VERSION "0.11.1"
#define PACKAGE_STRING "libzip 0.11.1"
#define PACKAGE_BUGREPORT "libzip@nih.at"
#define PACKAGE_URL ""
#define PACKAGE "libzip"
#define VERSION "0.11.1"
#define HAVE_LIBZ 1
#define STDC_HEADERS 1
#define HAVE_SYS_TYPES_H 1
#define HAVE_SYS_STAT_H 1
#define HAVE_STDLIB_H 1
#define HAVE_STRING_H 1
#define HAVE_MEMORY_H 1
#define HAVE_STRINGS_H 1
#define HAVE_INTTYPES_H 1
#define HAVE_STDINT_H 1
#define HAVE_UNISTD_H 1
#define HAVE_DLFCN_H 1
#define LT_OBJDIR ".libs/"
#define HAVE_FSEEKO 1
#define HAVE_FTELLO 1
#define HAVE_GETOPT 1
#define HAVE_OPEN 1
#define HAVE_SNPRINTF 1
#define HAVE_STRCASECMP 1
#define HAVE_STRDUP 1
#define HAVE_MKSTEMP 1
#define HAVE_UNISTD_H 1
#define HAVE_STRINGS_H 1
#define HAVE_INT8_T 1
#define HAVE_INT16_T 1
#define HAVE_INT32_T 1
#define HAVE_INT64_T 1
#define HAVE_UINT8_T 1
#define HAVE_UINT16_T 1
#define HAVE_UINT32_T 1
#define HAVE_UINT64_T 1
#define HAVE_SSIZE_T 1
#define SIZEOF_SHORT 2
#define SIZEOF_INT 4
#define SIZEOF_LONG 4
#define SIZEOF_LONG_LONG 8
#define SIZEOF_OFF_T 4
#define SIZEOF_SIZE_T 4
#define HAVE_STRUCT_TM_TM_ZONE 1
#define HAVE_TM_ZONE 1

configure: exit 0
